<?xml version="1.0" encoding="utf-8"?><testsuites><testsuite name="pytest" errors="0" failures="0" skipped="0" tests="45" time="18.193" timestamp="2026-07-24T01:35:46.481304" hostname="Mac.local"><testcase classname="tests.authority.test_actuation_pipeline" name="test_l0_through_l3_are_sequential_and_host_verified" time="0.002" /><testcase classname="tests.authority.test_actuation_pipeline" name="test_exposure_ledger_contains_clause_source_and_domain_provenance" time="0.002" /><testcase classname="tests.authority.test_actuation_pipeline" name="test_protocol_legal_result_can_enter_memory_without_experience_actuation" time="0.002" /><testcase classname="tests.authority.test_actuation_pipeline" name="test_exposure_or_claim_without_l3_cannot_promote" time="0.004" /><testcase classname="tests.authority.test_actuation_pipeline" name="test_adoption_edge_requires_l3_even_when_result_itself_is_promotable" time="0.003" /><testcase classname="tests.authority.test_actuation_pipeline" name="test_actuation_receipts_cannot_cross_authorize_another_contract" time="0.004" /><testcase classname="tests.authority.test_runtime_protocol_observer" name="test_plan_covers_all_five_runtime_protocol_obligations" time="0.002" /><testcase classname="tests.authority.test_runtime_protocol_observer" name="test_plan_covers_manual_torch_training_without_predict_method" time="0.001" /><testcase classname="tests.authority.test_runtime_protocol_observer" name="test_executor_mints_parent_owned_observation_and_hides_marker" time="1.209" /><testcase classname="tests.authority.test_runtime_protocol_observer" name="test_runtime_scope_hashes_bind_actual_arguments_and_results" time="2.120" /><testcase classname="tests.authority.test_runtime_protocol_observer" name="test_consumed_split_generator_records_partition_scope" time="1.057" /><testcase classname="tests.authority.test_runtime_protocol_observer" name="test_manual_torch_optimizer_step_has_runtime_event_scope" time="2.386" /><testcase classname="tests.authority.test_runtime_protocol_observer" name="test_torch_grad_scaler_step_has_runtime_event_scope" time="2.149" /><testcase classname="tests.authority.test_runtime_protocol_observer" name="test_candidate_supplied_trace_marker_is_rejected_and_hidden" time="1.040" /><testcase classname="tests.authority.test_runtime_protocol_observer" name="test_observed_clean_execution_closes_trusted_rank_receipts" time="1.019" /><testcase classname="tests.authority.test_runtime_protocol_observer" name="test_runtime_closure_allows_clean_result_writeback_but_not_legacy_unactuated_promote" time="1.132" /><testcase classname="tests.authority.test_runtime_protocol_observer" name="test_mutated_or_unregistered_observation_cannot_mint_protocol_receipts" time="1.037" /><testcase classname="tests.authority.test_runtime_protocol_observer" name="test_missing_runtime_event_kind_fails_closed" time="0.137" /><testcase classname="tests.authority.test_runtime_protocol_observer" name="test_unconsumed_split_generator_does_not_count_as_lineage" time="1.060" /><testcase classname="tests.authority.test_runtime_protocol_observer" name="test_candidate_defined_metric_cannot_impersonate_host_evaluator" time="1.051" /><testcase classname="tests.authority.test_runtime_protocol_observer" name="test_candidate_cannot_spoof_trusted_module_name" time="1.115" /><testcase classname="tests.authority.test_runtime_protocol_observer" name="test_runtime_observer_introspection_is_not_attested" time="1.029" /><testcase classname="tests.authority.test_runtime_protocol_observer" name="test_authority_off_does_not_instrument_legacy_execution" time="0.016" /><testcase classname="tests.authority.test_claim_types" name="test_claim_and_distillation_operation_taxonomy_is_complete" time="0.000" /><testcase classname="tests.authority.test_claim_types" name="test_result_adoption_and_causal_publication_have_distinct_obligations" time="0.000" /><testcase classname="tests.authority.test_claim_types" name="test_legacy_distill_maps_to_positive_policy_fail_closed" time="0.000" /><testcase classname="tests.authority.test_claim_types" name="test_distillation_classes_compile_different_evidence_obligations" time="0.000" /><testcase classname="tests.authority.test_mlevolve_adapter" name="test_enforce_allows_clean_and_denies_contaminated_node" time="0.020" /><testcase classname="tests.authority.test_mlevolve_adapter" name="test_shadow_records_same_decision_but_preserves_legacy_behavior" time="0.008" /><testcase classname="tests.authority.test_mlevolve_adapter" name="test_failed_node_without_score_is_normal_fail_closed_decision" time="0.017" /><testcase classname="tests.authority.test_mlevolve_adapter" name="test_global_top_k_authorizes_before_sorting" time="0.145" /><testcase classname="tests.authority.test_mlevolve_adapter" name="test_unknown_protocol_fails_closed" time="0.001" /><testcase classname="tests.authority.test_mlevolve_adapter" name="test_clean_receipts_have_typed_collectors_and_payloads" time="0.007" /><testcase classname="tests.authority.test_mlevolve_adapter" name="test_rank_gate_internal_error_fails_closed_in_enforce_mode" time="0.001" /><testcase classname="tests.authority.test_mlevolve_adapter" name="test_fixed_holdout_search_only_candidate_ordering_is_not_formal_rank" time="0.007" /><testcase classname="tests.authority.test_mlevolve_adapter" name="test_fixed_holdout_search_only_bypass_is_limited_to_branch_selection" time="0.008" /><testcase classname="tests.authority.test_mlevolve_adapter" name="test_filtered_journal_excludes_runtime_authority_agent_with_thread_locks" time="0.000" /><testcase classname="tests.authority.test_enforce_rollout" name="test_enforce_applies_only_inside_frozen_operation_and_stage_scope" time="0.013" /><testcase classname="tests.authority.test_enforce_rollout" name="test_canary_cannot_start_without_hash_verified_bound_bundle" time="0.001" /><testcase classname="tests.authority.test_enforce_rollout" name="test_canary_freezes_the_hash_verified_current_bundle" time="0.006" /><testcase classname="tests.authority.test_enforce_rollout" name="test_unattributed_clean_result_appends_fact_without_derivation_edge" time="0.016" /><testcase classname="tests.authority.test_enforce_rollout" name="test_adoption_and_causal_edges_are_separate_overlay_events" time="0.049" /><testcase classname="tests.authority.test_enforce_rollout" name="test_low_risk_internal_error_is_navigation_only_or_abstain" time="0.006" /><testcase classname="tests.authority.test_enforce_rollout" name="test_clause_visibility_enforces_only_configured_generation_stage" time="0.002" /><testcase classname="tests.authority.test_enforce_rollout" name="test_off_shadow_and_canary_enforce_profiles_remain_selectable" time="0.075" /></testsuite></testsuites>